qRReaderExample/build/outputs/logs/manifest-merger-debug-report.txt
-- Merging decision tree log ---
manifest
ADDED from AndroidManifest.xml:2:1
	package
		ADDED from AndroidManifest.xml:3:5
		INJECTED from AndroidManifest.xml:0:0
		INJECTED from AndroidManifest.xml:0:0
	android:versionName
		ADDED from AndroidManifest.xml:5:5
	android:versionCode
		ADDED from AndroidManifest.xml:4:5
		INJECTED from AndroidManifest.xml:0:0
		INJECTED from AndroidManifest.xml:0:0
	xmlns:android
		ADDED from AndroidManifest.xml:2:11
uses-sdk
ADDED from AndroidManifest.xml:7:5
MERGED from QR-ReaderExample:androidzxingcore301:unspecified:7:5
	android:targetSdkVersion
		ADDED from AndroidManifest.xml:9:9
		INJECTED from AndroidManifest.xml:0:0
		INJECTED from AndroidManifest.xml:0:0
	android:minSdkVersion
		ADDED from AndroidManifest.xml:8:9
		INJECTED from AndroidManifest.xml:0:0
		INJECTED from AndroidManifest.xml:0:0
uses-permission#android.permission.CAMERA
ADDED from AndroidManifest.xml:11:5
	android:name
		ADDED from AndroidManifest.xml:11:22
uses-permission#android.permission.WRITE_EXTERNAL_STORAGE
ADDED from AndroidManifest.xml:13:5
	android:maxSdkVersion
		ADDED from AndroidManifest.xml:15:9
	android:name
		ADDED from AndroidManifest.xml:14:9
uses-permission#android.permission.READ_PHONE_STATE
ADDED from AndroidManifest.xml:16:5
	android:name
		ADDED from AndroidManifest.xml:16:22
uses-permission#android.permission.READ_EXTERNAL_STORAGE
ADDED from AndroidManifest.xml:17:5
	android:maxSdkVersion
		ADDED from AndroidManifest.xml:19:9
	android:name
		ADDED from AndroidManifest.xml:18:9
application
ADDED from AndroidManifest.xml:21:5
MERGED from QR-ReaderExample:androidzxingcore301:unspecified:11:5
	android:label
		ADDED from AndroidManifest.xml:24:9
	android:allowBackup
		ADDED from AndroidManifest.xml:22:9
	android:icon
		ADDED from AndroidManifest.xml:23:9
	android:theme
		ADDED from AndroidManifest.xml:25:9
activity#com.example.qr_readerexample.QRScanImageActivity
ADDED from AndroidManifest.xml:27:9
	android:screenOrientation
		ADDED from AndroidManifest.xml:30:13
	android:label
		ADDED from AndroidManifest.xml:29:13
	android:name
		ADDED from AndroidManifest.xml:28:13
intent-filter#android.intent.action.MAIN+android.intent.category.LAUNCHER
ADDED from AndroidManifest.xml:31:13
action#android.intent.action.MAIN
ADDED from AndroidManifest.xml:32:17
	android:name
		ADDED from AndroidManifest.xml:32:25
category#android.intent.category.LAUNCHER
ADDED from AndroidManifest.xml:33:17
	android:name
		ADDED from AndroidManifest.xml:33:27